# JRE version: Java(TM) SE Runtime Environment (8.0_45-b15) (build 1.8.0_45-b15)
# Java VM: Java HotSpot(TM) 64-Bit Server VM (25.45-b02 mixed mode windows-amd64 compressed oops)
Heap:
 PSYoungGen      total 1223168K, used 799454K [0x0000000715580000, 0x000000076aa80000, 0x00000007c0000000)
  eden space 1048576K, 76% used [0x0000000715580000,0x0000000746237a98,0x0000000755580000)
  from space 174592K, 0% used [0x0000000760000000,0x0000000760000000,0x000000076aa80000)
  to   space 174592K, 0% used [0x0000000755580000,0x0000000755580000,0x0000000760000000)
 ParOldGen       total 4359168K, used 3906056K [0x00000005c0000000, 0x00000006f9c00000, 0x0000000715580000)
  object space 4359168K, 89% used [0x00000005c0000000,0x00000006ae6822a0,0x00000006ca100000)
 Metaspace       used 2649K, capacity 4564K, committed 4864K, reserved 1056768K
  class space    used 289K, capacity 388K, committed 512K, reserved 1048576K
GC Heap History (8 events):
Event: 2.483 GC heap before
{Heap before GC invocations=1 (full 0):
 PSYoungGen      total 1223168K, used 865097K [0x0000000715580000, 0x000000076aa80000, 0x00000007c0000000)
  eden space 1048576K, 82% used [0x0000000715580000,0x000000074a252500,0x0000000755580000)
  from space 174592K, 0% used [0x0000000760000000,0x0000000760000000,0x000000076aa80000)
  to   space 174592K, 0% used [0x0000000755580000,0x0000000755580000,0x0000000760000000)
 ParOldGen       total 4359168K, used 3906054K [0x00000005c0000000, 0x00000006ca100000, 0x0000000715580000)
  object space 4359168K, 89% used [0x00000005c0000000,0x00000006ae681b10,0x00000006ca100000)
 Metaspace       used 2649K, capacity 4564K, committed 4864K, reserved 1056768K
  class space    used 289K, capacity 388K, committed 512K, reserved 1048576K
Event: 2.757 GC heap after
Heap after GC invocations=1 (full 0):
 PSYoungGen      total 1223168K, used 865097K [0x0000000715580000, 0x000000076aa80000, 0x00000007c0000000)
  eden space 1048576K, 82% used [0x0000000715580000,0x000000074a252500,0x0000000755580000)
  from space 174592K, 0% used [0x0000000760000000,0x0000000760000000,0x000000076aa80000)
  to   space 174592K, 10% used [0x0000000755580000,0x000000075678b8c0,0x0000000760000000)
 ParOldGen       total 4359168K, used 3906062K [0x00000005c0000000, 0x00000006ca100000, 0x0000000715580000)
  object space 4359168K, 89% used [0x00000005c0000000,0x00000006ae683b10,0x00000006ca100000)
 Metaspace       used 2649K, capacity 4564K, committed 4864K, reserved 1056768K
  class space    used 289K, capacity 388K, committed 512K, reserved 1048576K
}
Event: 2.757 GC heap before
{Heap before GC invocations=2 (full 1):
 PSYoungGen      total 1223168K, used 865097K [0x0000000715580000, 0x000000076aa80000, 0x00000007c0000000)
  eden space 1048576K, 82% used [0x0000000715580000,0x000000074a252500,0x0000000755580000)
  from space 174592K, 0% used [0x0000000760000000,0x0000000760000000,0x000000076aa80000)
  to   space 174592K, 10% used [0x0000000755580000,0x000000075678b8c0,0x0000000760000000)
 ParOldGen       total 4359168K, used 3906062K [0x00000005c0000000, 0x00000006ca100000, 0x0000000715580000)
  object space 4359168K, 89% used [0x00000005c0000000,0x00000006ae683b10,0x00000006ca100000)
 Metaspace       used 2649K, capacity 4564K, committed 4864K, reserved 1056768K
  class space    used 289K, capacity 388K, committed 512K, reserved 1048576K
Event: 5.164 GC heap after
Heap after GC invocations=2 (full 1):
 PSYoungGen      total 1223168K, used 799466K [0x0000000715580000, 0x000000076aa80000, 0x00000007c0000000)
  eden space 1048576K, 76% used [0x0000000715580000,0x000000074623a830,0x0000000755580000)
  from space 174592K, 0% used [0x0000000760000000,0x0000000760000000,0x000000076aa80000)
  to   space 174592K, 0% used [0x0000000755580000,0x0000000755580000,0x0000000760000000)
 ParOldGen       total 4359168K, used 3906056K [0x00000005c0000000, 0x00000006ca100000, 0x0000000715580000)
  object space 4359168K, 89% used [0x00000005c0000000,0x00000006ae6821d0,0x00000006ca100000)
 Metaspace       used 2649K, capacity 4564K, committed 4864K, reserved 1056768K
  class space    used 289K, capacity 388K, committed 512K, reserved 1048576K
}
Event: 5.164 GC heap before
{Heap before GC invocations=3 (full 1):
 PSYoungGen      total 1223168K, used 799466K [0x0000000715580000, 0x000000076aa80000, 0x00000007c0000000)
  eden space 1048576K, 76% used [0x0000000715580000,0x000000074623a830,0x0000000755580000)
  from space 174592K, 0% used [0x0000000760000000,0x0000000760000000,0x000000076aa80000)
  to   space 174592K, 0% used [0x0000000755580000,0x0000000755580000,0x0000000760000000)
 ParOldGen       total 4359168K, used 3906056K [0x00000005c0000000, 0x00000006ca100000, 0x0000000715580000)
  object space 4359168K, 89% used [0x00000005c0000000,0x00000006ae6821d0,0x00000006ca100000)
 Metaspace       used 2649K, capacity 4564K, committed 4864K, reserved 1056768K
  class space    used 289K, capacity 388K, committed 512K, reserved 1048576K
Event: 5.776 GC heap after
Heap after GC invocations=3 (full 1):
 PSYoungGen      total 1223168K, used 799466K [0x0000000715580000, 0x000000076aa80000, 0x00000007c0000000)
  eden space 1048576K, 76% used [0x0000000715580000,0x000000074623a830,0x0000000755580000)
  from space 174592K, 0% used [0x0000000760000000,0x0000000760000000,0x000000076aa80000)
  to   space 174592K, 10% used [0x0000000755580000,0x00000007567658b0,0x0000000760000000)
 ParOldGen       total 4359168K, used 3906064K [0x00000005c0000000, 0x00000006ca100000, 0x0000000715580000)
  object space 4359168K, 89% used [0x00000005c0000000,0x00000006ae6841d0,0x00000006ca100000)
 Metaspace       used 2649K, capacity 4564K, committed 4864K, reserved 1056768K
  class space    used 289K, capacity 388K, committed 512K, reserved 1048576K
}
Event: 5.776 GC heap before
{Heap before GC invocations=4 (full 2):
 PSYoungGen      total 1223168K, used 799466K [0x0000000715580000, 0x000000076aa80000, 0x00000007c0000000)
  eden space 1048576K, 76% used [0x0000000715580000,0x000000074623a830,0x0000000755580000)
  from space 174592K, 0% used [0x0000000760000000,0x0000000760000000,0x000000076aa80000)
  to   space 174592K, 10% used [0x0000000755580000,0x00000007567658b0,0x0000000760000000)
 ParOldGen       total 4359168K, used 3906064K [0x00000005c0000000, 0x00000006ca100000, 0x0000000715580000)
  object space 4359168K, 89% used [0x00000005c0000000,0x00000006ae6841d0,0x00000006ca100000)
 Metaspace       used 2649K, capacity 4564K, committed 4864K, reserved 1056768K
  class space    used 289K, capacity 388K, committed 512K, reserved 1048576K
Event: 6.801 GC heap after
Heap after GC invocations=4 (full 2):
 PSYoungGen      total 1223168K, used 799454K [0x0000000715580000, 0x000000076aa80000, 0x00000007c0000000)
  eden space 1048576K, 76% used [0x0000000715580000,0x0000000746237a98,0x0000000755580000)
  from space 174592K, 0% used [0x0000000760000000,0x0000000760000000,0x000000076aa80000)
  to   space 174592K, 0% used [0x0000000755580000,0x0000000755580000,0x0000000760000000)
 ParOldGen       total 4359168K, used 3906056K [0x00000005c0000000, 0x00000006ca100000, 0x0000000715580000)
  object space 4359168K, 89% used [0x00000005c0000000,0x00000006ae6822a0,0x00000006ca100000)
 Metaspace       used 2649K, capacity 4564K, committed 4864K, reserved 1056768K
  class space    used 289K, capacity 388K, committed 512K, reserved 1048576K
}

